mode: set
github.com/volts-dev/volts/config/config.go:73.24,75.2 1 1
github.com/volts-dev/volts/config/config.go:77.27,79.2 1 1
github.com/volts-dev/volts/config/config.go:81.28,83.2 1 1
github.com/volts-dev/volts/config/config.go:85.30,87.2 1 0
github.com/volts-dev/volts/config/config.go:89.37,91.2 1 0
github.com/volts-dev/volts/config/config.go:93.47,96.34 2 1
github.com/volts-dev/volts/config/config.go:96.34,98.3 1 0
github.com/volts-dev/volts/config/config.go:98.8,106.3 2 1
github.com/volts-dev/volts/config/config.go:108.2,118.12 4 1
github.com/volts-dev/volts/config/config.go:121.34,122.22 1 1
github.com/volts-dev/volts/config/config.go:122.22,124.9 2 1
github.com/volts-dev/volts/config/config.go:124.9,126.4 1 1
github.com/volts-dev/volts/config/config.go:129.2,129.18 1 1
github.com/volts-dev/volts/config/config.go:133.43,134.32 1 1
github.com/volts-dev/volts/config/config.go:134.32,136.3 1 1
github.com/volts-dev/volts/config/config.go:138.2,139.18 2 1
github.com/volts-dev/volts/config/config.go:139.18,141.3 1 0
github.com/volts-dev/volts/config/config.go:143.2,145.34 2 1
github.com/volts-dev/volts/config/config.go:145.34,148.17 2 1
github.com/volts-dev/volts/config/config.go:148.17,150.4 1 0
github.com/volts-dev/volts/config/config.go:153.3,154.17 2 1
github.com/volts-dev/volts/config/config.go:154.17,156.4 1 0
github.com/volts-dev/volts/config/config.go:160.2,163.35 2 1
github.com/volts-dev/volts/config/config.go:163.35,165.3 1 0
github.com/volts-dev/volts/config/config.go:168.45,170.2 1 1
github.com/volts-dev/volts/config/config.go:173.42,176.27 2 1
github.com/volts-dev/volts/config/config.go:176.27,178.3 1 1
github.com/volts-dev/volts/config/config.go:181.30,183.57 1 1
github.com/volts-dev/volts/config/config.go:183.57,186.17 3 1
github.com/volts-dev/volts/config/config.go:186.17,188.4 1 0
github.com/volts-dev/volts/config/config.go:189.3,189.14 1 1
github.com/volts-dev/volts/config/config.go:194.48,196.2 1 1
github.com/volts-dev/volts/config/config.go:198.60,201.25 2 1
github.com/volts-dev/volts/config/config.go:201.25,203.3 1 0
github.com/volts-dev/volts/config/config.go:204.2,211.16 4 1
github.com/volts-dev/volts/config/config.go:211.16,212.51 1 1
github.com/volts-dev/volts/config/config.go:212.51,214.4 1 0
github.com/volts-dev/volts/config/config.go:219.2,219.50 1 1
github.com/volts-dev/volts/config/config.go:219.50,220.35 1 1
github.com/volts-dev/volts/config/config.go:220.35,221.25 1 1
github.com/volts-dev/volts/config/config.go:221.25,225.5 2 0
github.com/volts-dev/volts/config/config.go:227.3,227.14 1 1
github.com/volts-dev/volts/config/config.go:230.2,231.50 2 1
github.com/volts-dev/volts/config/config.go:231.50,232.35 1 1
github.com/volts-dev/volts/config/config.go:232.35,233.55 1 1
github.com/volts-dev/volts/config/config.go:233.55,235.41 1 1
github.com/volts-dev/volts/config/config.go:235.41,238.6 2 0
github.com/volts-dev/volts/config/config.go:239.5,239.14 1 1
github.com/volts-dev/volts/config/config.go:240.10,241.36 1 1
github.com/volts-dev/volts/config/config.go:241.36,243.6 1 0
github.com/volts-dev/volts/config/config.go:247.3,247.14 1 1
github.com/volts-dev/volts/config/config.go:250.2,250.17 1 1
github.com/volts-dev/volts/config/config.go:250.17,253.3 1 1
github.com/volts-dev/volts/config/config.go:255.2,255.12 1 1
github.com/volts-dev/volts/config/config.go:258.44,259.23 1 1
github.com/volts-dev/volts/config/config.go:259.23,261.3 1 1
github.com/volts-dev/volts/config/config.go:264.34,265.23 1 1
github.com/volts-dev/volts/config/config.go:265.23,267.3 1 1
github.com/volts-dev/volts/config/config.go:268.2,268.12 1 0
github.com/volts-dev/volts/config/config.go:271.47,272.23 1 1
github.com/volts-dev/volts/config/config.go:272.23,274.3 1 1
github.com/volts-dev/volts/config/config.go:275.2,275.12 1 0
github.com/volts-dev/volts/config/config.go:278.54,282.42 2 1
github.com/volts-dev/volts/config/config.go:282.42,284.17 2 0
github.com/volts-dev/volts/config/config.go:284.17,286.4 1 0
github.com/volts-dev/volts/config/config.go:287.8,289.17 2 1
github.com/volts-dev/volts/config/config.go:289.17,291.4 1 0
github.com/volts-dev/volts/config/config.go:295.2,295.54 1 1
github.com/volts-dev/volts/config/config.go:295.54,297.3 1 0
github.com/volts-dev/volts/config/config.go:298.2,298.12 1 1
github.com/volts-dev/volts/config/config.go:301.54,304.27 2 1
github.com/volts-dev/volts/config/config.go:304.27,306.3 1 0
github.com/volts-dev/volts/config/config.go:308.2,308.25 1 1
github.com/volts-dev/volts/config/config.go:308.25,310.3 1 0
github.com/volts-dev/volts/config/config.go:312.2,313.33 2 1
github.com/volts-dev/volts/config/config.go:318.71,321.25 2 1
github.com/volts-dev/volts/config/config.go:321.25,323.37 1 1
github.com/volts-dev/volts/config/config.go:323.37,324.12 1 1
github.com/volts-dev/volts/config/config.go:328.3,328.21 1 1
github.com/volts-dev/volts/config/config.go:328.21,329.12 1 1
github.com/volts-dev/volts/config/config.go:333.3,333.37 1 1
github.com/volts-dev/volts/config/config.go:333.37,335.4 1 0
github.com/volts-dev/volts/config/config.go:337.3,337.67 1 1
github.com/volts-dev/volts/config/config.go:340.2,340.20 1 1
github.com/volts-dev/volts/config/config.go:340.20,343.9 2 1
github.com/volts-dev/volts/config/config.go:343.9,345.4 1 0
github.com/volts-dev/volts/config/config.go:348.2,348.12 1 1
github.com/volts-dev/volts/config/config.go:352.38,353.14 1 1
github.com/volts-dev/volts/config/config.go:353.14,355.3 1 0
github.com/volts-dev/volts/config/config.go:357.2,358.19 2 1
github.com/volts-dev/volts/config/config.go:359.22,360.23 1 1
github.com/volts-dev/volts/config/config.go:361.20,362.20 1 1
github.com/volts-dev/volts/config/config.go:363.78,364.23 1 1
github.com/volts-dev/volts/config/config.go:365.83,366.24 1 0
github.com/volts-dev/volts/config/config.go:367.40,368.25 1 0
github.com/volts-dev/volts/config/config.go:369.49,370.23 1 0
github.com/volts-dev/volts/config/config.go:371.38,372.20 1 0
github.com/volts-dev/volts/config/config.go:375.2,375.14 1 0
github.com/volts-dev/volts/config/config.go:378.67,380.2 1 1
github.com/volts-dev/volts/config/config.go:383.66,385.2 1 1
github.com/volts-dev/volts/config/config.go:388.64,390.2 1 1
github.com/volts-dev/volts/config/config.go:392.70,394.2 1 1
github.com/volts-dev/volts/config/config.go:396.70,398.2 1 1
github.com/volts-dev/volts/config/config.go:400.73,402.2 1 1
github.com/volts-dev/volts/config/config.go:404.77,406.2 1 1
github.com/volts-dev/volts/config/config.go:408.89,410.2 1 1
github.com/volts-dev/volts/config/config.go:412.76,414.2 1 1
github.com/volts-dev/volts/config/config.go:416.63,418.2 1 1
github.com/volts-dev/volts/config/config.go:420.58,422.2 1 1
github.com/volts-dev/volts/config/config.go:425.77,427.2 1 0
github.com/volts-dev/volts/config/const.go:17.35,18.11 1 0
github.com/volts-dev/volts/config/const.go:19.19,20.18 1 0
github.com/volts-dev/volts/config/const.go:21.18,22.17 1 0
github.com/volts-dev/volts/config/const.go:23.10,24.18 1 0
github.com/volts-dev/volts/config/format.go:20.26,26.2 2 1
github.com/volts-dev/volts/config/format.go:28.65,33.2 4 1
github.com/volts-dev/volts/config/format.go:36.64,40.15 4 1
github.com/volts-dev/volts/config/format.go:40.15,42.3 1 1
github.com/volts-dev/volts/config/format.go:43.2,43.12 1 1
github.com/volts-dev/volts/config/format.go:47.62,51.14 4 1
github.com/volts-dev/volts/config/format.go:51.14,53.3 1 1
github.com/volts-dev/volts/config/format.go:54.2,54.12 1 1
github.com/volts-dev/volts/config/format.go:57.68,61.14 4 1
github.com/volts-dev/volts/config/format.go:61.14,63.3 1 1
github.com/volts-dev/volts/config/format.go:64.2,64.12 1 1
github.com/volts-dev/volts/config/format.go:67.68,71.14 4 1
github.com/volts-dev/volts/config/format.go:71.14,73.3 1 1
github.com/volts-dev/volts/config/format.go:74.2,74.12 1 1
github.com/volts-dev/volts/config/format.go:77.71,81.19 4 1
github.com/volts-dev/volts/config/format.go:81.19,83.3 1 1
github.com/volts-dev/volts/config/format.go:84.2,84.12 1 1
github.com/volts-dev/volts/config/format.go:87.75,92.2 4 1
github.com/volts-dev/volts/config/format.go:94.87,98.14 4 1
github.com/volts-dev/volts/config/format.go:98.14,100.3 1 1
github.com/volts-dev/volts/config/format.go:102.2,102.27 1 1
github.com/volts-dev/volts/config/format.go:105.74,109.14 4 1
github.com/volts-dev/volts/config/format.go:109.14,111.3 1 1
github.com/volts-dev/volts/config/format.go:112.2,112.12 1 1
github.com/volts-dev/volts/config/format.go:115.57,119.2 3 1
github.com/volts-dev/volts/config/format.go:122.72,126.2 3 1
github.com/volts-dev/volts/config/format.go:128.61,132.2 3 1
github.com/volts-dev/volts/config/format.go:134.63,138.2 3 1
github.com/volts-dev/volts/config/format.go:140.56,141.45 1 1
github.com/volts-dev/volts/config/format.go:141.45,143.3 1 1
github.com/volts-dev/volts/config/format.go:146.48,147.45 1 1
github.com/volts-dev/volts/config/format.go:147.45,148.53 1 1
github.com/volts-dev/volts/config/format.go:148.53,150.4 1 1
github.com/volts-dev/volts/config/format.go:154.51,155.45 1 1
github.com/volts-dev/volts/config/format.go:155.45,156.93 1 1
github.com/volts-dev/volts/config/format.go:156.93,157.45 1 1
github.com/volts-dev/volts/config/format.go:157.45,159.5 1 1
github.com/volts-dev/volts/config/format.go:160.4,160.28 1 1
github.com/volts-dev/volts/config/format.go:161.13,162.52 1 1
github.com/volts-dev/volts/config/format.go:163.15,164.52 1 1
github.com/volts-dev/volts/config/format.go:165.15,166.52 1 1
github.com/volts-dev/volts/config/format.go:167.17,168.52 1 1
github.com/volts-dev/volts/config/format.go:170.4,170.20 1 0
github.com/volts-dev/volts/config/format.go:173.3,173.26 1 1
github.com/volts-dev/volts/config/format.go:173.26,179.4 1 0
github.com/volts-dev/volts/config/format.go:179.9,184.4 1 1
github.com/volts-dev/volts/config/option.go:10.37,11.27 1 1
github.com/volts-dev/volts/config/option.go:11.28,13.3 0 1
github.com/volts-dev/volts/config/option.go:16.43,17.27 1 1
github.com/volts-dev/volts/config/option.go:17.27,19.3 1 1
github.com/volts-dev/volts/config/option.go:23.39,24.27 1 1
github.com/volts-dev/volts/config/option.go:24.27,26.17 2 1
github.com/volts-dev/volts/config/option.go:26.17,28.4 1 0
github.com/volts-dev/volts/config/option.go:33.27,34.27 1 1
github.com/volts-dev/volts/config/option.go:34.27,37.26 2 1
github.com/volts-dev/volts/config/option.go:37.26,39.4 1 0
github.com/volts-dev/volts/config/option.go:40.3,42.52 3 1
github.com/volts-dev/volts/config/option.go:42.52,43.30 1 1
github.com/volts-dev/volts/config/option.go:43.30,45.5 1 1
github.com/volts-dev/volts/config/option.go:51.36,52.27 1 1
github.com/volts-dev/volts/config/option.go:52.27,54.3 1 1
